build/app/intermediates/manifest_merge_blame_file/release/processReleaseMainManifest/manifest-merger-blame-release-report.txt
1<?xml version="1.0" encoding="utf-8"?>
2<manifest xmlns:android="http://schemas.android.com/apk/res/android"
3    package="com.example.test_app"
4    android:versionCode="1"
5    android:versionName="1.0.0" >
6
7    <uses-sdk
8        android:minSdkVersion="21"
9        android:targetSdkVersion="35" /> <!-- ✅ เพิ่ม tools -->
10
11
12    <!-- ✅ Permissions สำหรับตำแหน่ง -->
13    <uses-permission android:name="android.permission.ACCESS_FINE_LOCATION" />
13-->src\main\AndroidManifest.xml:5:5-78
13-->src\main\AndroidManifest.xml:5:22-76
14    <uses-permission android:name="android.permission.ACCESS_COARSE_LOCATION" />
14-->src\main\AndroidManifest.xml:6:5-80
14-->src\main\AndroidManifest.xml:6:22-78
15    <uses-permission android:name="android.permission.ACCESS_BACKGROUND_LOCATION" />
15-->src\main\AndroidManifest.xml:7:5-84
15-->src\main\AndroidManifest.xml:7:22-82
16
17    <queries>
17-->src\main\AndroidManifest.xml:54:5-59:15
18        <intent>
18-->src\main\AndroidManifest.xml:55:9-58:18
19            <action android:name="android.intent.action.PROCESS_TEXT" />
19-->src\main\AndroidManifest.xml:56:13-72
19-->src\main\AndroidManifest.xml:56:21-70
20
21            <data android:mimeType="text/plain" />
21-->src\main\AndroidManifest.xml:57:13-50
21-->src\main\AndroidManifest.xml:57:19-48
22        </intent>
23    </queries>
24
25    <uses-permission android:name="android.permission.INTERNET" />
25-->[:firebase_messaging] AndroidManifest.xml:7:5-67
25-->[:firebase_messaging] AndroidManifest.xml:7:22-64
26    <uses-permission android:name="android.permission.WAKE_LOCK" />
26-->[:firebase_messaging] AndroidManifest.xml:8:5-68
26-->[:firebase_messaging] AndroidManifest.xml:8:22-65
27    <uses-permission android:name="android.permission.ACCESS_NETWORK_STATE" /> <!-- Permissions options for the `notification` group -->
27-->[:firebase_messaging] AndroidManifest.xml:9:5-79
27-->[:firebase_messaging] AndroidManifest.xml:9:22-76
28    <uses-permission android:name="android.permission.POST_NOTIFICATIONS" />
28-->[:firebase_messaging] AndroidManifest.xml:11:5-77
28-->[:firebase_messaging] AndroidManifest.xml:11:22-74
29    <uses-permission android:name="android.permission.VIBRATE" /> <!-- Required by older versions of Google Play services to create IID tokens -->
29-->[:flutter_local_notifications] AndroidManifest.xml:7:5-66
29-->[:flutter_local_notifications] AndroidManifest.xml:7:22-63
30    <uses-permission android:name="com.google.android.c2dm.permission.RECEIVE" />
30-->[com.google.firebase:firebase-messaging:23.4.1] AndroidManifest.xml:26:5-82
30-->[com.google.firebase:firebase-messaging:23.4.1] AndroidManifest.xml:26:22-79
31    <uses-permission android:name="com.google.android.providers.gsf.permission.READ_GSERVICES" />
31-->[com.google.android.recaptcha:recaptcha:18.4.0] AndroidManifest.xml:9:5-98
31-->[com.google.android.recaptcha:recaptcha:18.4.0] AndroidManifest.xml:9:22-95
32
33    <permission
33-->[androidx.core:core:1.13.1] AndroidManifest.xml:22:5-24:47
34        android:name="com.example.test_app.DYNAMIC_RECEIVER_NOT_EXPORTED_PERMISSION"
34-->[androidx.core:core:1.13.1] AndroidManifest.xml:23:9-81
35        android:protectionLevel="signature" />
35-->[androidx.core:core:1.13.1] AndroidManifest.xml:24:9-44
36
37    <uses-permission android:name="com.example.test_app.DYNAMIC_RECEIVER_NOT_EXPORTED_PERMISSION" />
37-->[androidx.core:core:1.13.1] AndroidManifest.xml:26:5-97
37-->[androidx.core:core:1.13.1] AndroidManifest.xml:26:22-94
38
39    <application
40        android:name="android.app.Application"
40-->src\main\AndroidManifest.xml:11:9-42
41        android:appComponentFactory="androidx.core.app.CoreComponentFactory"
41-->[androidx.core:core:1.13.1] AndroidManifest.xml:28:18-86
42        android:extractNativeLibs="true"
43        android:icon="@mipmap/ic_launcher"
43-->src\main\AndroidManifest.xml:12:9-43
44        android:label="Earthquake AI" >
44-->src\main\AndroidManifest.xml:10:9-38
45
46        <!-- ✅ Default Notification Channel -->
47        <meta-data
47-->src\main\AndroidManifest.xml:15:9-17:55
48            android:name="com.google.firebase.messaging.default_notification_channel_id"
48-->src\main\AndroidManifest.xml:16:13-89
49            android:value="high_importance_channel" />
49-->src\main\AndroidManifest.xml:17:13-52
50
51        <!-- ✅ สำหรับ FCM + แก้ Conflict export -->
52        <service
52-->src\main\AndroidManifest.xml:20:9-27:19
53            android:name="com.google.firebase.messaging.FirebaseMessagingService"
53-->src\main\AndroidManifest.xml:21:13-82
54            android:directBootAware="true"
54-->[com.google.firebase:firebase-messaging:23.4.1] AndroidManifest.xml:48:13-43
55            android:exported="true" > <!-- ✅ ใส่ตรงนี้ -->
55-->src\main\AndroidManifest.xml:22:13-36
56            <intent-filter>
56-->src\main\AndroidManifest.xml:24:13-26:29
57                <action android:name="com.google.firebase.MESSAGING_EVENT" />
57-->src\main\AndroidManifest.xml:25:17-77
57-->src\main\AndroidManifest.xml:25:25-75
58            </intent-filter>
59            <intent-filter android:priority="-500" >
59-->src\main\AndroidManifest.xml:24:13-26:29
60                <action android:name="com.google.firebase.MESSAGING_EVENT" />
60-->src\main\AndroidManifest.xml:25:17-77
60-->src\main\AndroidManifest.xml:25:25-75
61            </intent-filter>
62        </service>
63
64        <activity
64-->src\main\AndroidManifest.xml:29:9-47:20
65            android:name="com.example.test_app.MainActivity"
65-->src\main\AndroidManifest.xml:30:13-41
66            android:configChanges="orientation|keyboardHidden|keyboard|screenSize|smallestScreenSize|locale|layoutDirection|fontScale|screenLayout|density|uiMode"
66-->src\main\AndroidManifest.xml:35:13-163
67            android:exported="true"
67-->src\main\AndroidManifest.xml:31:13-36
68            android:hardwareAccelerated="true"
68-->src\main\AndroidManifest.xml:36:13-47
69            android:launchMode="singleTop"
69-->src\main\AndroidManifest.xml:32:13-43
70            android:taskAffinity=""
70-->src\main\AndroidManifest.xml:33:13-36
71            android:theme="@style/LaunchTheme"
71-->src\main\AndroidManifest.xml:34:13-47
72            android:windowSoftInputMode="adjustResize" >
72-->src\main\AndroidManifest.xml:37:13-55
73            <meta-data
73-->src\main\AndroidManifest.xml:39:13-41:57
74                android:name="io.flutter.embedding.android.NormalTheme"
74-->src\main\AndroidManifest.xml:40:17-72
75                android:resource="@style/NormalTheme" />
75-->src\main\AndroidManifest.xml:41:17-54
76
77            <intent-filter>
77-->src\main\AndroidManifest.xml:43:13-46:29
78                <action android:name="android.intent.action.MAIN" />
78-->src\main\AndroidManifest.xml:44:17-68
78-->src\main\AndroidManifest.xml:44:25-66
79
80                <category android:name="android.intent.category.LAUNCHER" />
80-->src\main\AndroidManifest.xml:45:17-76
80-->src\main\AndroidManifest.xml:45:27-74
81            </intent-filter>
82        </activity>
83
84        <meta-data
84-->src\main\AndroidManifest.xml:49:9-51:33
85            android:name="flutterEmbedding"
85-->src\main\AndroidManifest.xml:50:13-44
86            android:value="2" />
86-->src\main\AndroidManifest.xml:51:13-30
87
88        <service
88-->[:geolocator_android] AndroidManifest.xml:8:9-12:56
89            android:name="com.baseflow.geolocator.GeolocatorLocationService"
89-->[:geolocator_android] AndroidManifest.xml:9:13-77
90            android:enabled="true"
90-->[:geolocator_android] AndroidManifest.xml:10:13-35
91            android:exported="false"
91-->[:geolocator_android] AndroidManifest.xml:11:13-37
92            android:foregroundServiceType="location" />
92-->[:geolocator_android] AndroidManifest.xml:12:13-53
93        <service
93-->[:firebase_auth] AndroidManifest.xml:8:9-12:19
94            android:name="com.google.firebase.components.ComponentDiscoveryService"
94-->[:firebase_auth] AndroidManifest.xml:8:18-89
95            android:directBootAware="true"
95-->[com.google.firebase:firebase-common:20.4.3] AndroidManifest.xml:32:13-43
96            android:exported="false" >
96-->[com.google.firebase:firebase-messaging:23.4.1] AndroidManifest.xml:56:13-37
97            <meta-data
97-->[:firebase_auth] AndroidManifest.xml:9:13-11:85
98                android:name="com.google.firebase.components:io.flutter.plugins.firebase.auth.FlutterFirebaseAuthRegistrar"
98-->[:firebase_auth] AndroidManifest.xml:10:17-124
99                android:value="com.google.firebase.components.ComponentRegistrar" />
99-->[:firebase_auth] AndroidManifest.xml:11:17-82
100            <meta-data
100-->[:firebase_messaging] AndroidManifest.xml:36:13-38:85
101                android:name="com.google.firebase.components:io.flutter.plugins.firebase.messaging.FlutterFirebaseAppRegistrar"
101-->[:firebase_messaging] AndroidManifest.xml:37:17-128
102                android:value="com.google.firebase.components.ComponentRegistrar" />
102-->[:firebase_messaging] AndroidManifest.xml:38:17-82
103            <meta-data
103-->[:firebase_core] AndroidManifest.xml:9:13-11:85
104                android:name="com.google.firebase.components:io.flutter.plugins.firebase.core.FlutterFirebaseCoreRegistrar"
104-->[:firebase_core] AndroidManifest.xml:10:17-124
105                android:value="com.google.firebase.components.ComponentRegistrar" />
105-->[:firebase_core] AndroidManifest.xml:11:17-82
106            <meta-data
106-->[com.google.firebase:firebase-messaging:23.4.1] AndroidManifest.xml:57:13-59:85
107                android:name="com.google.firebase.components:com.google.firebase.messaging.FirebaseMessagingKtxRegistrar"
107-->[com.google.firebase:firebase-messaging:23.4.1] AndroidManifest.xml:58:17-122
108                android:value="com.google.firebase.components.ComponentRegistrar" />
108-->[com.google.firebase:firebase-messaging:23.4.1] AndroidManifest.xml:59:17-82
109            <meta-data
109-->[com.google.firebase:firebase-messaging:23.4.1] AndroidManifest.xml:60:13-62:85
110                android:name="com.google.firebase.components:com.google.firebase.messaging.FirebaseMessagingRegistrar"
110-->[com.google.firebase:firebase-messaging:23.4.1] AndroidManifest.xml:61:17-119
111                android:value="com.google.firebase.components.ComponentRegistrar" />
111-->[com.google.firebase:firebase-messaging:23.4.1] AndroidManifest.xml:62:17-82
112            <meta-data
112-->[com.google.firebase:firebase-auth:22.3.1] AndroidManifest.xml:69:13-71:85
113                android:name="com.google.firebase.components:com.google.firebase.auth.FirebaseAuthRegistrar"
113-->[com.google.firebase:firebase-auth:22.3.1] AndroidManifest.xml:70:17-109
114                android:value="com.google.firebase.components.ComponentRegistrar" />
114-->[com.google.firebase:firebase-auth:22.3.1] AndroidManifest.xml:71:17-82
115            <meta-data
115-->[com.google.firebase:firebase-installations:17.2.0] AndroidManifest.xml:15:13-17:85
116                android:name="com.google.firebase.components:com.google.firebase.installations.FirebaseInstallationsKtxRegistrar"
116-->[com.google.firebase:firebase-installations:17.2.0] AndroidManifest.xml:16:17-130
117                android:value="com.google.firebase.components.ComponentRegistrar" />
117-->[com.google.firebase:firebase-installations:17.2.0] AndroidManifest.xml:17:17-82
118            <meta-data
118-->[com.google.firebase:firebase-installations:17.2.0] AndroidManifest.xml:18:13-20:85
119                android:name="com.google.firebase.components:com.google.firebase.installations.FirebaseInstallationsRegistrar"
119-->[com.google.firebase:firebase-installations:17.2.0] AndroidManifest.xml:19:17-127
120                android:value="com.google.firebase.components.ComponentRegistrar" />
120-->[com.google.firebase:firebase-installations:17.2.0] AndroidManifest.xml:20:17-82
121            <meta-data
121-->[com.google.firebase:firebase-common-ktx:20.4.3] AndroidManifest.xml:12:13-14:85
122                android:name="com.google.firebase.components:com.google.firebase.ktx.FirebaseCommonLegacyRegistrar"
122-->[com.google.firebase:firebase-common-ktx:20.4.3] AndroidManifest.xml:13:17-116
123                android:value="com.google.firebase.components.ComponentRegistrar" />
123-->[com.google.firebase:firebase-common-ktx:20.4.3] AndroidManifest.xml:14:17-82
124            <meta-data
124-->[com.google.firebase:firebase-common:20.4.3] AndroidManifest.xml:35:13-37:85
125                android:name="com.google.firebase.components:com.google.firebase.FirebaseCommonKtxRegistrar"
125-->[com.google.firebase:firebase-common:20.4.3] AndroidManifest.xml:36:17-109
126                android:value="com.google.firebase.components.ComponentRegistrar" />
126-->[com.google.firebase:firebase-common:20.4.3] AndroidManifest.xml:37:17-82
127            <meta-data
127-->[com.google.firebase:firebase-datatransport:18.1.7] AndroidManifest.xml:27:13-29:85
128                android:name="com.google.firebase.components:com.google.firebase.datatransport.TransportRegistrar"
128-->[com.google.firebase:firebase-datatransport:18.1.7] AndroidManifest.xml:28:17-115
129                android:value="com.google.firebase.components.ComponentRegistrar" />
129-->[com.google.firebase:firebase-datatransport:18.1.7] AndroidManifest.xml:29:17-82
130        </service>
131        <service
131-->[:firebase_messaging] AndroidManifest.xml:14:9-17:72
132            android:name="io.flutter.plugins.firebase.messaging.FlutterFirebaseMessagingBackgroundService"
132-->[:firebase_messaging] AndroidManifest.xml:15:13-107
133            android:exported="false"
133-->[:firebase_messaging] AndroidManifest.xml:16:13-37
134            android:permission="android.permission.BIND_JOB_SERVICE" />
134-->[:firebase_messaging] AndroidManifest.xml:17:13-69
135        <service
135-->[:firebase_messaging] AndroidManifest.xml:18:9-24:19
136            android:name="io.flutter.plugins.firebase.messaging.FlutterFirebaseMessagingService"
136-->[:firebase_messaging] AndroidManifest.xml:19:13-97
137            android:exported="false" >
137-->[:firebase_messaging] AndroidManifest.xml:20:13-37
138            <intent-filter>
138-->src\main\AndroidManifest.xml:24:13-26:29
139                <action android:name="com.google.firebase.MESSAGING_EVENT" />
139-->src\main\AndroidManifest.xml:25:17-77
139-->src\main\AndroidManifest.xml:25:25-75
140            </intent-filter>
141        </service>
142
143        <receiver
143-->[:firebase_messaging] AndroidManifest.xml:26:9-33:20
144            android:name="io.flutter.plugins.firebase.messaging.FlutterFirebaseMessagingReceiver"
144-->[:firebase_messaging] AndroidManifest.xml:27:13-98
145            android:exported="true"
145-->[:firebase_messaging] AndroidManifest.xml:28:13-36
146            android:permission="com.google.android.c2dm.permission.SEND" >
146-->[:firebase_messaging] AndroidManifest.xml:29:13-73
147            <intent-filter>
147-->[:firebase_messaging] AndroidManifest.xml:30:13-32:29
148                <action android:name="com.google.android.c2dm.intent.RECEIVE" />
148-->[:firebase_messaging] AndroidManifest.xml:31:17-81
148-->[:firebase_messaging] AndroidManifest.xml:31:25-78
149            </intent-filter>
150        </receiver>
151
152        <provider
152-->[:firebase_messaging] AndroidManifest.xml:41:9-45:38
153            android:name="io.flutter.plugins.firebase.messaging.FlutterFirebaseMessagingInitProvider"
153-->[:firebase_messaging] AndroidManifest.xml:42:13-102
154            android:authorities="com.example.test_app.flutterfirebasemessaginginitprovider"
154-->[:firebase_messaging] AndroidManifest.xml:43:13-88
155            android:exported="false"
155-->[:firebase_messaging] AndroidManifest.xml:44:13-37
156            android:initOrder="99" />
156-->[:firebase_messaging] AndroidManifest.xml:45:13-35
157
158        <uses-library
158-->[androidx.window:window:1.2.0] AndroidManifest.xml:23:9-25:40
159            android:name="androidx.window.extensions"
159-->[androidx.window:window:1.2.0] AndroidManifest.xml:24:13-54
160            android:required="false" />
160-->[androidx.window:window:1.2.0] AndroidManifest.xml:25:13-37
161        <uses-library
161-->[androidx.window:window:1.2.0] AndroidManifest.xml:26:9-28:40
162            android:name="androidx.window.sidecar"
162-->[androidx.window:window:1.2.0] AndroidManifest.xml:27:13-51
163            android:required="false" />
163-->[androidx.window:window:1.2.0] AndroidManifest.xml:28:13-37
164
165        <activity
165-->[com.google.android.gms:play-services-auth:21.0.0] AndroidManifest.xml:23:9-27:75
166            android:name="com.google.android.gms.auth.api.signin.internal.SignInHubActivity"
166-->[com.google.android.gms:play-services-auth:21.0.0] AndroidManifest.xml:24:13-93
167            android:excludeFromRecents="true"
167-->[com.google.android.gms:play-services-auth:21.0.0] AndroidManifest.xml:25:13-46
168            android:exported="false"
168-->[com.google.android.gms:play-services-auth:21.0.0] AndroidManifest.xml:26:13-37
169            android:theme="@android:style/Theme.Translucent.NoTitleBar" />
169-->[com.google.android.gms:play-services-auth:21.0.0] AndroidManifest.xml:27:13-72
170        <!--
171            Service handling Google Sign-In user revocation. For apps that do not integrate with
172            Google Sign-In, this service will never be started.
173        -->
174        <service
174-->[com.google.android.gms:play-services-auth:21.0.0] AndroidManifest.xml:33:9-37:51
175            android:name="com.google.android.gms.auth.api.signin.RevocationBoundService"
175-->[com.google.android.gms:play-services-auth:21.0.0] AndroidManifest.xml:34:13-89
176            android:exported="true"
176-->[com.google.android.gms:play-services-auth:21.0.0] AndroidManifest.xml:35:13-36
177            android:permission="com.google.android.gms.auth.api.signin.permission.REVOCATION_NOTIFICATION"
177-->[com.google.android.gms:play-services-auth:21.0.0] AndroidManifest.xml:36:13-107
178            android:visibleToInstantApps="true" />
178-->[com.google.android.gms:play-services-auth:21.0.0] AndroidManifest.xml:37:13-48
179
180        <receiver
180-->[com.google.firebase:firebase-messaging:23.4.1] AndroidManifest.xml:29:9-40:20
181            android:name="com.google.firebase.iid.FirebaseInstanceIdReceiver"
181-->[com.google.firebase:firebase-messaging:23.4.1] AndroidManifest.xml:30:13-78
182            android:exported="true"
182-->[com.google.firebase:firebase-messaging:23.4.1] AndroidManifest.xml:31:13-36
183            android:permission="com.google.android.c2dm.permission.SEND" >
183-->[com.google.firebase:firebase-messaging:23.4.1] AndroidManifest.xml:32:13-73
184            <intent-filter>
184-->[:firebase_messaging] AndroidManifest.xml:30:13-32:29
185                <action android:name="com.google.android.c2dm.intent.RECEIVE" />
185-->[:firebase_messaging] AndroidManifest.xml:31:17-81
185-->[:firebase_messaging] AndroidManifest.xml:31:25-78
186            </intent-filter>
187
188            <meta-data
188-->[com.google.firebase:firebase-messaging:23.4.1] AndroidManifest.xml:37:13-39:40
189                android:name="com.google.android.gms.cloudmessaging.FINISHED_AFTER_HANDLED"
189-->[com.google.firebase:firebase-messaging:23.4.1] AndroidManifest.xml:38:17-92
190                android:value="true" />
190-->[com.google.firebase:firebase-messaging:23.4.1] AndroidManifest.xml:39:17-37
191        </receiver>
192
193        <activity
193-->[com.google.firebase:firebase-auth:22.3.1] AndroidManifest.xml:29:9-46:20
194            android:name="com.google.firebase.auth.internal.GenericIdpActivity"
194-->[com.google.firebase:firebase-auth:22.3.1] AndroidManifest.xml:30:13-80
195            android:excludeFromRecents="true"
195-->[com.google.firebase:firebase-auth:22.3.1] AndroidManifest.xml:31:13-46
196            android:exported="true"
196-->[com.google.firebase:firebase-auth:22.3.1] AndroidManifest.xml:32:13-36
197            android:launchMode="singleTask"
197-->[com.google.firebase:firebase-auth:22.3.1] AndroidManifest.xml:33:13-44
198            android:theme="@android:style/Theme.Translucent.NoTitleBar" >
198-->[com.google.firebase:firebase-auth:22.3.1] AndroidManifest.xml:34:13-72
199            <intent-filter>
199-->[com.google.firebase:firebase-auth:22.3.1] AndroidManifest.xml:35:13-45:29
200                <action android:name="android.intent.action.VIEW" />
200-->[com.google.firebase:firebase-auth:22.3.1] AndroidManifest.xml:36:17-69
200-->[com.google.firebase:firebase-auth:22.3.1] AndroidManifest.xml:36:25-66
201
202                <category android:name="android.intent.category.DEFAULT" />
202-->[com.google.firebase:firebase-auth:22.3.1] AndroidManifest.xml:38:17-76
202-->[com.google.firebase:firebase-auth:22.3.1] AndroidManifest.xml:38:27-73
203                <category android:name="android.intent.category.BROWSABLE" />
203-->[com.google.firebase:firebase-auth:22.3.1] AndroidManifest.xml:39:17-78
203-->[com.google.firebase:firebase-auth:22.3.1] AndroidManifest.xml:39:27-75
204
205                <data
205-->src\main\AndroidManifest.xml:57:13-50
206                    android:host="firebase.auth"
207                    android:path="/"
208                    android:scheme="genericidp" />
209            </intent-filter>
210        </activity>
211        <activity
211-->[com.google.firebase:firebase-auth:22.3.1] AndroidManifest.xml:47:9-64:20
212            android:name="com.google.firebase.auth.internal.RecaptchaActivity"
212-->[com.google.firebase:firebase-auth:22.3.1] AndroidManifest.xml:48:13-79
213            android:excludeFromRecents="true"
213-->[com.google.firebase:firebase-auth:22.3.1] AndroidManifest.xml:49:13-46
214            android:exported="true"
214-->[com.google.firebase:firebase-auth:22.3.1] AndroidManifest.xml:50:13-36
215            android:launchMode="singleTask"
215-->[com.google.firebase:firebase-auth:22.3.1] AndroidManifest.xml:51:13-44
216            android:theme="@android:style/Theme.Translucent.NoTitleBar" >
216-->[com.google.firebase:firebase-auth:22.3.1] AndroidManifest.xml:52:13-72
217            <intent-filter>
217-->[com.google.firebase:firebase-auth:22.3.1] AndroidManifest.xml:53:13-63:29
218                <action android:name="android.intent.action.VIEW" />
218-->[com.google.firebase:firebase-auth:22.3.1] AndroidManifest.xml:36:17-69
218-->[com.google.firebase:firebase-auth:22.3.1] AndroidManifest.xml:36:25-66
219
220                <category android:name="android.intent.category.DEFAULT" />
220-->[com.google.firebase:firebase-auth:22.3.1] AndroidManifest.xml:38:17-76
220-->[com.google.firebase:firebase-auth:22.3.1] AndroidManifest.xml:38:27-73
221                <category android:name="android.intent.category.BROWSABLE" />
221-->[com.google.firebase:firebase-auth:22.3.1] AndroidManifest.xml:39:17-78
221-->[com.google.firebase:firebase-auth:22.3.1] AndroidManifest.xml:39:27-75
222
223                <data
223-->src\main\AndroidManifest.xml:57:13-50
224                    android:host="firebase.auth"
225                    android:path="/"
226                    android:scheme="recaptcha" />
227            </intent-filter>
228        </activity>
229        <activity
229-->[com.google.android.gms:play-services-base:18.3.0] AndroidManifest.xml:20:9-22:45
230            android:name="com.google.android.gms.common.api.GoogleApiActivity"
230-->[com.google.android.gms:play-services-base:18.3.0] AndroidManifest.xml:20:19-85
231            android:exported="false"
231-->[com.google.android.gms:play-services-base:18.3.0] AndroidManifest.xml:22:19-43
232            android:theme="@android:style/Theme.Translucent.NoTitleBar" />
232-->[com.google.android.gms:play-services-base:18.3.0] AndroidManifest.xml:21:19-78
233
234        <provider
234-->[com.google.firebase:firebase-common:20.4.3] AndroidManifest.xml:23:9-28:39
235            android:name="com.google.firebase.provider.FirebaseInitProvider"
235-->[com.google.firebase:firebase-common:20.4.3] AndroidManifest.xml:24:13-77
236            android:authorities="com.example.test_app.firebaseinitprovider"
236-->[com.google.firebase:firebase-common:20.4.3] AndroidManifest.xml:25:13-72
237            android:directBootAware="true"
237-->[com.google.firebase:firebase-common:20.4.3] AndroidManifest.xml:26:13-43
238            android:exported="false"
238-->[com.google.firebase:firebase-common:20.4.3] AndroidManifest.xml:27:13-37
239            android:initOrder="100" />
239-->[com.google.firebase:firebase-common:20.4.3] AndroidManifest.xml:28:13-36
240
241        <meta-data
241-->[com.google.android.gms:play-services-basement:18.3.0] AndroidManifest.xml:21:9-23:69
242            android:name="com.google.android.gms.version"
242-->[com.google.android.gms:play-services-basement:18.3.0] AndroidManifest.xml:22:13-58
243            android:value="@integer/google_play_services_version" />
243-->[com.google.android.gms:play-services-basement:18.3.0] AndroidManifest.xml:23:13-66
244
245        <provider
245-->[androidx.lifecycle:lifecycle-process:2.7.0] AndroidManifest.xml:24:9-32:20
246            android:name="androidx.startup.InitializationProvider"
246-->[androidx.lifecycle:lifecycle-process:2.7.0] AndroidManifest.xml:25:13-67
247            android:authorities="com.example.test_app.androidx-startup"
247-->[androidx.lifecycle:lifecycle-process:2.7.0] AndroidManifest.xml:26:13-68
248            android:exported="false" >
248-->[androidx.lifecycle:lifecycle-process:2.7.0] AndroidManifest.xml:27:13-37
249            <meta-data
249-->[androidx.lifecycle:lifecycle-process:2.7.0] AndroidManifest.xml:29:13-31:52
250                android:name="androidx.lifecycle.ProcessLifecycleInitializer"
250-->[androidx.lifecycle:lifecycle-process:2.7.0] AndroidManifest.xml:30:17-78
251                android:value="androidx.startup" />
251-->[androidx.lifecycle:lifecycle-process:2.7.0] AndroidManifest.xml:31:17-49
252            <meta-data
252-->[androidx.profileinstaller:profileinstaller:1.3.1] AndroidManifest.xml:29:13-31:52
253                android:name="androidx.profileinstaller.ProfileInstallerInitializer"
253-->[androidx.profileinstaller:profileinstaller:1.3.1] AndroidManifest.xml:30:17-85
254                android:value="androidx.startup" />
254-->[androidx.profileinstaller:profileinstaller:1.3.1] AndroidManifest.xml:31:17-49
255        </provider>
256
257        <receiver
257-->[androidx.profileinstaller:profileinstaller:1.3.1] AndroidManifest.xml:34:9-52:20
258            android:name="androidx.profileinstaller.ProfileInstallReceiver"
258-->[androidx.profileinstaller:profileinstaller:1.3.1] AndroidManifest.xml:35:13-76
259            android:directBootAware="false"
259-->[androidx.profileinstaller:profileinstaller:1.3.1] AndroidManifest.xml:36:13-44
260            android:enabled="true"
260-->[androidx.profileinstaller:profileinstaller:1.3.1] AndroidManifest.xml:37:13-35
261            android:exported="true"
261-->[androidx.profileinstaller:profileinstaller:1.3.1] AndroidManifest.xml:38:13-36
262            android:permission="android.permission.DUMP" >
262-->[androidx.profileinstaller:profileinstaller:1.3.1] AndroidManifest.xml:39:13-57
263            <intent-filter>
263-->[androidx.profileinstaller:profileinstaller:1.3.1] AndroidManifest.xml:40:13-42:29
264                <action android:name="androidx.profileinstaller.action.INSTALL_PROFILE" />
264-->[androidx.profileinstaller:profileinstaller:1.3.1] AndroidManifest.xml:41:17-91
264-->[androidx.profileinstaller:profileinstaller:1.3.1] AndroidManifest.xml:41:25-88
265            </intent-filter>
266            <intent-filter>
266-->[androidx.profileinstaller:profileinstaller:1.3.1] AndroidManifest.xml:43:13-45:29
267                <action android:name="androidx.profileinstaller.action.SKIP_FILE" />
267-->[androidx.profileinstaller:profileinstaller:1.3.1] AndroidManifest.xml:44:17-85
267-->[androidx.profileinstaller:profileinstaller:1.3.1] AndroidManifest.xml:44:25-82
268            </intent-filter>
269            <intent-filter>
269-->[androidx.profileinstaller:profileinstaller:1.3.1] AndroidManifest.xml:46:13-48:29
270                <action android:name="androidx.profileinstaller.action.SAVE_PROFILE" />
270-->[androidx.profileinstaller:profileinstaller:1.3.1] AndroidManifest.xml:47:17-88
270-->[androidx.profileinstaller:profileinstaller:1.3.1] AndroidManifest.xml:47:25-85
271            </intent-filter>
272            <intent-filter>
272-->[androidx.profileinstaller:profileinstaller:1.3.1] AndroidManifest.xml:49:13-51:29
273                <action android:name="androidx.profileinstaller.action.BENCHMARK_OPERATION" />
273-->[androidx.profileinstaller:profileinstaller:1.3.1] AndroidManifest.xml:50:17-95
273-->[androidx.profileinstaller:profileinstaller:1.3.1] AndroidManifest.xml:50:25-92
274            </intent-filter>
275        </receiver>
276
277        <service
277-->[com.google.android.datatransport:transport-backend-cct:3.1.8] AndroidManifest.xml:28:9-34:19
278            android:name="com.google.android.datatransport.runtime.backends.TransportBackendDiscovery"
278-->[com.google.android.datatransport:transport-backend-cct:3.1.8] AndroidManifest.xml:29:13-103
279            android:exported="false" >
279-->[com.google.android.datatransport:transport-backend-cct:3.1.8] AndroidManifest.xml:30:13-37
280            <meta-data
280-->[com.google.android.datatransport:transport-backend-cct:3.1.8] AndroidManifest.xml:31:13-33:39
281                android:name="backend:com.google.android.datatransport.cct.CctBackendFactory"
281-->[com.google.android.datatransport:transport-backend-cct:3.1.8] AndroidManifest.xml:32:17-94
282                android:value="cct" />
282-->[com.google.android.datatransport:transport-backend-cct:3.1.8] AndroidManifest.xml:33:17-36
283        </service>
284        <service